<?xml version="1.0" encoding="UTF-8"?>
<!-- Generated by org.testng.reporters.JUnitReportReporter -->
<testsuite hostname="ACTPOHOM" failures="0" tests="1" name="TestFindFanFiction" time="10.144" errors="0" timestamp="2022-12-12T21:30:36 MSK" skipped="0">
  <testcase classname="TestFindFanFiction" name="FindAllCompletedFanFiction" time="10.144"/>
</testsuite> <!-- TestFindFanFiction -->
