<?xml version="1.0" encoding="UTF-8"?>
<!-- Generated by org.testng.reporters.JUnitReportReporter -->
<testsuite hostname="HOME-PC" failures="0" tests="1" name="test.FanficTest" time="68.230" errors="0" timestamp="2022-12-01T09:18:58 MSK" skipped="0">
  <testcase classname="test.FanficTest" name="logInYourAccount" time="68.230"/>
  <system-out/>
</testsuite> <!-- test.FanficTest -->
